2019-10-30 08:41:21,602 INFO o.a.j.u.JMeterUtils: Setting Locale to en_EN
2019-10-30 08:41:21,631 INFO o.a.j.JMeter: Loading user properties from: /Users/fuhongbo/Downloads/apache-jmeter-5.1.1/bin/user.properties
2019-10-30 08:41:21,632 INFO o.a.j.JMeter: Loading system properties from: /Users/fuhongbo/Downloads/apache-jmeter-5.1.1/bin/system.properties
2019-10-30 08:41:21,640 INFO o.a.j.JMeter: Copyright (c) 1998-2019 The Apache Software Foundation
2019-10-30 08:41:21,640 INFO o.a.j.JMeter: Version 5.1.1 r1855137
2019-10-30 08:41:21,641 INFO o.a.j.JMeter: java.version=1.8.0_151
2019-10-30 08:41:21,641 INFO o.a.j.JMeter: java.vm.name=Java HotSpot(TM) 64-Bit Server VM
2019-10-30 08:41:21,641 INFO o.a.j.JMeter: os.name=Mac OS X
2019-10-30 08:41:21,641 INFO o.a.j.JMeter: os.arch=x86_64
2019-10-30 08:41:21,641 INFO o.a.j.JMeter: os.version=10.15
2019-10-30 08:41:21,641 INFO o.a.j.JMeter: file.encoding=UTF-8
2019-10-30 08:41:21,641 INFO o.a.j.JMeter: java.awt.headless=null
2019-10-30 08:41:21,641 INFO o.a.j.JMeter: Max memory     =1073741824
2019-10-30 08:41:21,641 INFO o.a.j.JMeter: Available Processors =8
2019-10-30 08:41:21,656 INFO o.a.j.JMeter: Default Locale=English (EN)
2019-10-30 08:41:21,656 INFO o.a.j.JMeter: JMeter  Locale=English (EN)
2019-10-30 08:41:21,656 INFO o.a.j.JMeter: JMeterHome=/Users/fuhongbo/Downloads/apache-jmeter-5.1.1
2019-10-30 08:41:21,656 INFO o.a.j.JMeter: user.dir  =/Users/fuhongbo/go/src/xgateway/cmd/nodeServer
2019-10-30 08:41:21,657 INFO o.a.j.JMeter: PWD       =/Users/fuhongbo/go/src/xgateway/cmd/nodeServer
2019-10-30 08:41:21,658 INFO o.a.j.JMeter: IP: 127.0.0.1 Name: HongBo-Mac-Pro.local FullName: localhost
2019-10-30 08:41:25,554 INFO o.a.j.g.a.LookAndFeelCommand: Installing Darcula LAF
2019-10-30 08:41:25,579 INFO o.a.j.g.a.LookAndFeelCommand: Using look and feel: com.bulenkov.darcula.DarculaLaf [Darcula]
2019-10-30 08:41:25,579 INFO o.a.j.JMeter: Setting LAF to: com.bulenkov.darcula.DarculaLaf
2019-10-30 08:41:25,671 INFO o.a.j.JMeter: Loaded icon properties from org/apache/jmeter/images/icon.properties
2019-10-30 08:41:27,341 INFO o.a.j.p.h.s.HTTPSamplerBase: Parser for text/html is org.apache.jmeter.protocol.http.parser.LagartoBasedHtmlParser
2019-10-30 08:41:27,341 INFO o.a.j.p.h.s.HTTPSamplerBase: Parser for application/xhtml+xml is org.apache.jmeter.protocol.http.parser.LagartoBasedHtmlParser
2019-10-30 08:41:27,342 INFO o.a.j.p.h.s.HTTPSamplerBase: Parser for application/xml is org.apache.jmeter.protocol.http.parser.LagartoBasedHtmlParser
2019-10-30 08:41:27,342 INFO o.a.j.p.h.s.HTTPSamplerBase: Parser for text/xml is org.apache.jmeter.protocol.http.parser.LagartoBasedHtmlParser
2019-10-30 08:41:27,342 INFO o.a.j.p.h.s.HTTPSamplerBase: Parser for text/vnd.wap.wml is org.apache.jmeter.protocol.http.parser.RegexpHTMLParser
2019-10-30 08:41:27,342 INFO o.a.j.p.h.s.HTTPSamplerBase: Parser for text/css is org.apache.jmeter.protocol.http.parser.CssParser
2019-10-30 08:41:27,643 INFO o.a.j.e.KeyToolUtils: keytool found at 'keytool'
2019-10-30 08:41:27,644 INFO o.a.j.p.h.p.ProxyControl: HTTP(S) Test Script Recorder SSL Proxy will use keys that support embedded 3rd party resources in file /Users/fuhongbo/Downloads/apache-jmeter-5.1.1/bin/proxyserver.jks
2019-10-30 08:41:27,743 INFO o.a.j.s.FileServer: Default base='/Users/fuhongbo/go/src/xgateway/cmd/nodeServer'
2019-10-30 08:41:28,011 INFO o.a.j.s.SampleResult: Note: Sample TimeStamps are START times
2019-10-30 08:41:28,011 INFO o.a.j.s.SampleResult: sampleresult.default.encoding is set to ISO-8859-1
2019-10-30 08:41:28,011 INFO o.a.j.s.SampleResult: sampleresult.useNanoTime=true
2019-10-30 08:41:28,011 INFO o.a.j.s.SampleResult: sampleresult.nanoThreadSleep=5000
2019-10-30 08:41:37,052 INFO o.a.j.g.a.Load: Loading file: /Users/fuhongbo/go/src/xgateway/test/rate/Assertion Results.jmx
2019-10-30 08:41:37,052 INFO o.a.j.s.FileServer: Set new base='/Users/fuhongbo/go/src/xgateway/test/rate'
2019-10-30 08:41:37,224 INFO o.a.j.s.SaveService: Testplan (JMX) version: 2.2. Testlog (JTL) version: 2.2
2019-10-30 08:41:37,245 INFO o.a.j.s.SaveService: Using SaveService properties file encoding UTF-8
2019-10-30 08:41:37,247 INFO o.a.j.s.SaveService: Using SaveService properties version 5.0
2019-10-30 08:41:37,251 INFO o.a.j.s.SaveService: Loading file: /Users/fuhongbo/go/src/xgateway/test/rate/Assertion Results.jmx
2019-10-30 08:41:37,353 INFO o.a.j.s.FileServer: Set new base='/Users/fuhongbo/go/src/xgateway/test/rate'
2019-10-30 08:41:46,963 INFO o.a.j.e.StandardJMeterEngine: Running the test!
2019-10-30 08:41:46,964 INFO o.a.j.s.SampleEvent: List of sample_variables: []
2019-10-30 08:41:46,964 INFO o.a.j.s.SampleEvent: List of sample_variables: []
2019-10-30 08:41:46,966 INFO o.a.j.e.u.CompoundVariable: Note: Function class names must contain the string: '.functions.'
2019-10-30 08:41:46,966 INFO o.a.j.e.u.CompoundVariable: Note: Function class names must not contain the string: '.gui.'
2019-10-30 08:41:47,277 INFO o.a.j.g.u.JMeterMenuBar: setRunning(true, *local*)
2019-10-30 08:41:47,371 INFO o.a.j.e.StandardJMeterEngine: Starting ThreadGroup: 1 : Thread Group
2019-10-30 08:41:47,371 INFO o.a.j.e.StandardJMeterEngine: Starting 10 threads for group Thread Group.
2019-10-30 08:41:47,371 INFO o.a.j.e.StandardJMeterEngine: Thread will continue on error
2019-10-30 08:41:47,371 INFO o.a.j.t.ThreadGroup: Starting thread group... number=1 threads=10 ramp-up=10 delayedStart=false
2019-10-30 08:41:47,376 INFO o.a.j.t.JMeterThread: Thread started: Thread Group 1-1
2019-10-30 08:41:47,383 INFO o.a.j.t.ThreadGroup: Started thread group number 1
2019-10-30 08:41:47,383 INFO o.a.j.e.StandardJMeterEngine: All thread groups have been started
2019-10-30 08:41:47,401 INFO o.a.j.p.h.s.HTTPHCAbstractImpl: Local host = HongBo-Mac-Pro.local
2019-10-30 08:41:47,406 INFO o.a.j.p.h.s.HTTPHC4Impl: HTTP request retry count = 0
2019-10-30 08:41:47,518 INFO o.a.j.u.JsseSSLManager: Using default SSL protocol: TLS
2019-10-30 08:41:47,519 INFO o.a.j.u.JsseSSLManager: SSL session context: per-thread
2019-10-30 08:41:48,375 INFO o.a.j.t.JMeterThread: Thread started: Thread Group 1-2
2019-10-30 08:41:49,376 INFO o.a.j.t.JMeterThread: Thread started: Thread Group 1-3
2019-10-30 08:41:49,849 INFO o.a.j.t.JMeterThread: Thread is done: Thread Group 1-1
2019-10-30 08:41:49,850 INFO o.a.j.t.JMeterThread: Thread finished: Thread Group 1-1
2019-10-30 08:41:50,374 INFO o.a.j.t.JMeterThread: Thread started: Thread Group 1-4
2019-10-30 08:41:50,751 INFO o.a.j.t.JMeterThread: Thread is done: Thread Group 1-2
2019-10-30 08:41:50,752 INFO o.a.j.t.JMeterThread: Thread finished: Thread Group 1-2
2019-10-30 08:41:51,374 INFO o.a.j.t.JMeterThread: Thread started: Thread Group 1-5
2019-10-30 08:41:51,703 INFO o.a.j.t.JMeterThread: Thread is done: Thread Group 1-3
2019-10-30 08:41:51,703 INFO o.a.j.t.JMeterThread: Thread finished: Thread Group 1-3
2019-10-30 08:41:52,380 INFO o.a.j.t.JMeterThread: Thread started: Thread Group 1-6
2019-10-30 08:41:52,474 INFO o.a.j.t.JMeterThread: Thread is done: Thread Group 1-4
2019-10-30 08:41:52,474 INFO o.a.j.t.JMeterThread: Thread finished: Thread Group 1-4
2019-10-30 08:41:53,375 INFO o.a.j.t.JMeterThread: Thread started: Thread Group 1-7
2019-10-30 08:41:53,402 INFO o.a.j.t.JMeterThread: Thread is done: Thread Group 1-5
2019-10-30 08:41:53,402 INFO o.a.j.t.JMeterThread: Thread finished: Thread Group 1-5
2019-10-30 08:41:54,375 INFO o.a.j.t.JMeterThread: Thread started: Thread Group 1-8
2019-10-30 08:41:54,509 INFO o.a.j.t.JMeterThread: Thread is done: Thread Group 1-6
2019-10-30 08:41:54,509 INFO o.a.j.t.JMeterThread: Thread finished: Thread Group 1-6
2019-10-30 08:41:55,376 INFO o.a.j.t.JMeterThread: Thread started: Thread Group 1-9
2019-10-30 08:41:55,622 INFO o.a.j.t.JMeterThread: Thread is done: Thread Group 1-7
2019-10-30 08:41:55,622 INFO o.a.j.t.JMeterThread: Thread finished: Thread Group 1-7
2019-10-30 08:41:56,372 INFO o.a.j.t.JMeterThread: Thread started: Thread Group 1-10
2019-10-30 08:41:56,588 INFO o.a.j.t.JMeterThread: Thread is done: Thread Group 1-8
2019-10-30 08:41:56,588 INFO o.a.j.t.JMeterThread: Thread finished: Thread Group 1-8
2019-10-30 08:41:57,339 INFO o.a.j.t.JMeterThread: Thread is done: Thread Group 1-9
2019-10-30 08:41:57,339 INFO o.a.j.t.JMeterThread: Thread finished: Thread Group 1-9
2019-10-30 08:41:57,940 INFO o.a.j.t.JMeterThread: Thread is done: Thread Group 1-10
2019-10-30 08:41:57,940 INFO o.a.j.t.JMeterThread: Thread finished: Thread Group 1-10
2019-10-30 08:41:57,940 INFO o.a.j.e.StandardJMeterEngine: Notifying test listeners of end of test
2019-10-30 08:41:57,940 INFO o.a.j.g.u.JMeterMenuBar: setRunning(false, *local*)
2019-10-30 08:42:43,079 INFO o.a.j.e.StandardJMeterEngine: Running the test!
2019-10-30 08:42:43,083 INFO o.a.j.s.SampleEvent: List of sample_variables: []
2019-10-30 08:42:43,084 INFO o.a.j.g.u.JMeterMenuBar: setRunning(true, *local*)
2019-10-30 08:42:43,294 INFO o.a.j.e.StandardJMeterEngine: Starting ThreadGroup: 1 : Thread Group
2019-10-30 08:42:43,294 INFO o.a.j.e.StandardJMeterEngine: Starting 10 threads for group Thread Group.
2019-10-30 08:42:43,294 INFO o.a.j.e.StandardJMeterEngine: Thread will continue on error
2019-10-30 08:42:43,294 INFO o.a.j.t.ThreadGroup: Starting thread group... number=1 threads=10 ramp-up=10 delayedStart=false
2019-10-30 08:42:43,295 INFO o.a.j.t.JMeterThread: Thread started: Thread Group 1-1
2019-10-30 08:42:43,297 INFO o.a.j.t.ThreadGroup: Started thread group number 1
2019-10-30 08:42:43,297 INFO o.a.j.e.StandardJMeterEngine: All thread groups have been started
2019-10-30 08:42:44,295 INFO o.a.j.t.JMeterThread: Thread started: Thread Group 1-2
2019-10-30 08:42:45,296 INFO o.a.j.t.JMeterThread: Thread started: Thread Group 1-3
2019-10-30 08:42:46,007 INFO o.a.j.t.JMeterThread: Thread is done: Thread Group 1-1
2019-10-30 08:42:46,007 INFO o.a.j.t.JMeterThread: Thread finished: Thread Group 1-1
2019-10-30 08:42:46,297 INFO o.a.j.t.JMeterThread: Thread started: Thread Group 1-4
2019-10-30 08:42:47,243 INFO o.a.j.t.JMeterThread: Thread is done: Thread Group 1-2
2019-10-30 08:42:47,243 INFO o.a.j.t.JMeterThread: Thread finished: Thread Group 1-2
2019-10-30 08:42:47,297 INFO o.a.j.t.JMeterThread: Thread started: Thread Group 1-5
2019-10-30 08:42:48,229 INFO o.a.j.t.JMeterThread: Thread is done: Thread Group 1-3
2019-10-30 08:42:48,229 INFO o.a.j.t.JMeterThread: Thread finished: Thread Group 1-3
2019-10-30 08:42:48,298 INFO o.a.j.t.JMeterThread: Thread started: Thread Group 1-6
2019-10-30 08:42:49,232 INFO o.a.j.t.JMeterThread: Thread is done: Thread Group 1-4
2019-10-30 08:42:49,232 INFO o.a.j.t.JMeterThread: Thread finished: Thread Group 1-4
2019-10-30 08:42:49,297 INFO o.a.j.t.JMeterThread: Thread started: Thread Group 1-7
2019-10-30 08:42:50,184 INFO o.a.j.t.JMeterThread: Thread is done: Thread Group 1-5
2019-10-30 08:42:50,184 INFO o.a.j.t.JMeterThread: Thread finished: Thread Group 1-5
2019-10-30 08:42:50,299 INFO o.a.j.t.JMeterThread: Thread started: Thread Group 1-8
2019-10-30 08:42:51,239 INFO o.a.j.t.JMeterThread: Thread is done: Thread Group 1-6
2019-10-30 08:42:51,239 INFO o.a.j.t.JMeterThread: Thread finished: Thread Group 1-6
2019-10-30 08:42:51,295 INFO o.a.j.t.JMeterThread: Thread started: Thread Group 1-9
2019-10-30 08:42:52,279 INFO o.a.j.t.JMeterThread: Thread is done: Thread Group 1-7
2019-10-30 08:42:52,279 INFO o.a.j.t.JMeterThread: Thread finished: Thread Group 1-7
2019-10-30 08:42:52,295 INFO o.a.j.t.JMeterThread: Thread started: Thread Group 1-10
2019-10-30 08:43:01,659 INFO o.a.j.t.JMeterThread: Thread is done: Thread Group 1-8
2019-10-30 08:43:01,660 INFO o.a.j.t.JMeterThread: Thread finished: Thread Group 1-8
2019-10-30 08:43:04,080 INFO o.a.j.g.a.Start: Stopping test
2019-10-30 08:43:04,135 INFO o.a.j.t.JMeterThread: Stopping: Thread Group 1-9
2019-10-30 08:43:04,137 WARN o.a.j.t.JMeterThread: Interrupting: Thread Group 1-9 sampler: HTTP Request
2019-10-30 08:43:04,139 INFO o.a.j.t.JMeterThread: Stopping: Thread Group 1-10
2019-10-30 08:43:04,139 WARN o.a.j.t.JMeterThread: Interrupting: Thread Group 1-10 sampler: HTTP Request
2019-10-30 08:43:04,143 INFO o.a.j.t.JMeterThread: Thread finished: Thread Group 1-10
2019-10-30 08:43:04,143 INFO o.a.j.t.JMeterThread: Thread finished: Thread Group 1-9
2019-10-30 08:43:04,144 INFO o.a.j.e.StandardJMeterEngine: Notifying test listeners of end of test
2019-10-30 08:43:04,144 INFO o.a.j.g.u.JMeterMenuBar: setRunning(false, *local*)
2019-10-30 08:43:33,760 INFO o.a.j.e.StandardJMeterEngine: Running the test!
2019-10-30 08:43:33,760 INFO o.a.j.s.SampleEvent: List of sample_variables: []
2019-10-30 08:43:33,761 INFO o.a.j.g.u.JMeterMenuBar: setRunning(true, *local*)
2019-10-30 08:43:33,933 INFO o.a.j.e.StandardJMeterEngine: Starting ThreadGroup: 1 : Thread Group
2019-10-30 08:43:33,934 INFO o.a.j.e.StandardJMeterEngine: Starting 10 threads for group Thread Group.
2019-10-30 08:43:33,934 INFO o.a.j.e.StandardJMeterEngine: Thread will continue on error
2019-10-30 08:43:33,934 INFO o.a.j.t.ThreadGroup: Starting thread group... number=1 threads=10 ramp-up=0 delayedStart=false
2019-10-30 08:43:33,934 INFO o.a.j.t.JMeterThread: Thread started: Thread Group 1-1
2019-10-30 08:43:33,935 INFO o.a.j.t.JMeterThread: Thread started: Thread Group 1-3
2019-10-30 08:43:33,935 INFO o.a.j.t.JMeterThread: Thread started: Thread Group 1-2
2019-10-30 08:43:33,937 INFO o.a.j.t.JMeterThread: Thread started: Thread Group 1-4
2019-10-30 08:43:33,938 INFO o.a.j.t.JMeterThread: Thread started: Thread Group 1-5
2019-10-30 08:43:33,939 INFO o.a.j.t.JMeterThread: Thread started: Thread Group 1-6
2019-10-30 08:43:33,940 INFO o.a.j.t.JMeterThread: Thread started: Thread Group 1-7
2019-10-30 08:43:33,940 INFO o.a.j.t.JMeterThread: Thread started: Thread Group 1-8
2019-10-30 08:43:33,941 INFO o.a.j.t.JMeterThread: Thread started: Thread Group 1-9
2019-10-30 08:43:33,941 INFO o.a.j.t.ThreadGroup: Started thread group number 1
2019-10-30 08:43:33,941 INFO o.a.j.e.StandardJMeterEngine: All thread groups have been started
2019-10-30 08:43:33,942 INFO o.a.j.t.JMeterThread: Thread started: Thread Group 1-10
2019-10-30 08:43:35,052 INFO o.a.j.t.JMeterThread: Thread is done: Thread Group 1-4
2019-10-30 08:43:35,052 INFO o.a.j.t.JMeterThread: Thread finished: Thread Group 1-4
2019-10-30 08:43:35,053 INFO o.a.j.t.JMeterThread: Thread is done: Thread Group 1-8
2019-10-30 08:43:35,054 INFO o.a.j.t.JMeterThread: Thread finished: Thread Group 1-8
2019-10-30 08:43:35,058 INFO o.a.j.t.JMeterThread: Thread is done: Thread Group 1-1
2019-10-30 08:43:35,059 INFO o.a.j.t.JMeterThread: Thread finished: Thread Group 1-1
2019-10-30 08:43:35,062 INFO o.a.j.t.JMeterThread: Thread is done: Thread Group 1-2
2019-10-30 08:43:35,062 INFO o.a.j.t.JMeterThread: Thread is done: Thread Group 1-3
2019-10-30 08:43:35,062 INFO o.a.j.t.JMeterThread: Thread is done: Thread Group 1-5
2019-10-30 08:43:35,062 INFO o.a.j.t.JMeterThread: Thread finished: Thread Group 1-2
2019-10-30 08:43:35,062 INFO o.a.j.t.JMeterThread: Thread finished: Thread Group 1-3
2019-10-30 08:43:35,062 INFO o.a.j.t.JMeterThread: Thread finished: Thread Group 1-5
2019-10-30 08:43:35,063 INFO o.a.j.t.JMeterThread: Thread is done: Thread Group 1-6
2019-10-30 08:43:35,063 INFO o.a.j.t.JMeterThread: Thread finished: Thread Group 1-6
2019-10-30 08:43:35,070 INFO o.a.j.t.JMeterThread: Thread is done: Thread Group 1-9
2019-10-30 08:43:35,071 INFO o.a.j.t.JMeterThread: Thread finished: Thread Group 1-9
2019-10-30 08:43:35,073 INFO o.a.j.t.JMeterThread: Thread is done: Thread Group 1-7
2019-10-30 08:43:35,073 INFO o.a.j.t.JMeterThread: Thread is done: Thread Group 1-10
2019-10-30 08:43:35,073 INFO o.a.j.t.JMeterThread: Thread finished: Thread Group 1-10
2019-10-30 08:43:35,073 INFO o.a.j.t.JMeterThread: Thread finished: Thread Group 1-7
2019-10-30 08:43:35,074 INFO o.a.j.e.StandardJMeterEngine: Notifying test listeners of end of test
2019-10-30 08:43:35,074 INFO o.a.j.g.u.JMeterMenuBar: setRunning(false, *local*)
2019-10-30 08:44:05,959 INFO o.a.j.e.StandardJMeterEngine: Running the test!
2019-10-30 08:44:05,959 INFO o.a.j.s.SampleEvent: List of sample_variables: []
2019-10-30 08:44:05,960 INFO o.a.j.g.u.JMeterMenuBar: setRunning(true, *local*)
2019-10-30 08:44:06,071 INFO o.a.j.e.StandardJMeterEngine: Starting ThreadGroup: 1 : Thread Group
2019-10-30 08:44:06,071 INFO o.a.j.e.StandardJMeterEngine: Starting 10 threads for group Thread Group.
2019-10-30 08:44:06,071 INFO o.a.j.e.StandardJMeterEngine: Thread will continue on error
2019-10-30 08:44:06,071 INFO o.a.j.t.ThreadGroup: Starting thread group... number=1 threads=10 ramp-up=0 delayedStart=false
2019-10-30 08:44:06,071 INFO o.a.j.t.JMeterThread: Thread started: Thread Group 1-1
2019-10-30 08:44:06,072 INFO o.a.j.t.JMeterThread: Thread started: Thread Group 1-2
2019-10-30 08:44:06,072 INFO o.a.j.t.JMeterThread: Thread started: Thread Group 1-3
2019-10-30 08:44:06,072 INFO o.a.j.t.JMeterThread: Thread started: Thread Group 1-4
2019-10-30 08:44:06,073 INFO o.a.j.t.JMeterThread: Thread started: Thread Group 1-5
2019-10-30 08:44:06,073 INFO o.a.j.t.JMeterThread: Thread started: Thread Group 1-6
2019-10-30 08:44:06,074 INFO o.a.j.t.JMeterThread: Thread started: Thread Group 1-7
2019-10-30 08:44:06,074 INFO o.a.j.t.JMeterThread: Thread started: Thread Group 1-8
2019-10-30 08:44:06,075 INFO o.a.j.t.JMeterThread: Thread started: Thread Group 1-9
2019-10-30 08:44:06,076 INFO o.a.j.t.ThreadGroup: Started thread group number 1
2019-10-30 08:44:06,076 INFO o.a.j.e.StandardJMeterEngine: All thread groups have been started
2019-10-30 08:44:06,077 INFO o.a.j.t.JMeterThread: Thread started: Thread Group 1-10
2019-10-30 08:44:09,599 INFO o.a.j.t.JMeterThread: Thread is done: Thread Group 1-9
2019-10-30 08:44:09,600 INFO o.a.j.t.JMeterThread: Thread finished: Thread Group 1-9
2019-10-30 08:44:09,614 INFO o.a.j.t.JMeterThread: Thread is done: Thread Group 1-1
2019-10-30 08:44:09,614 INFO o.a.j.t.JMeterThread: Thread finished: Thread Group 1-1
2019-10-30 08:44:09,627 INFO o.a.j.t.JMeterThread: Thread is done: Thread Group 1-10
2019-10-30 08:44:09,627 INFO o.a.j.t.JMeterThread: Thread finished: Thread Group 1-10
2019-10-30 08:44:09,630 INFO o.a.j.t.JMeterThread: Thread is done: Thread Group 1-8
2019-10-30 08:44:09,630 INFO o.a.j.t.JMeterThread: Thread finished: Thread Group 1-8
2019-10-30 08:44:09,632 INFO o.a.j.t.JMeterThread: Thread is done: Thread Group 1-6
2019-10-30 08:44:09,632 INFO o.a.j.t.JMeterThread: Thread finished: Thread Group 1-6
2019-10-30 08:44:09,634 INFO o.a.j.t.JMeterThread: Thread is done: Thread Group 1-7
2019-10-30 08:44:09,634 INFO o.a.j.t.JMeterThread: Thread finished: Thread Group 1-7
2019-10-30 08:44:09,635 INFO o.a.j.t.JMeterThread: Thread is done: Thread Group 1-5
2019-10-30 08:44:09,635 INFO o.a.j.t.JMeterThread: Thread finished: Thread Group 1-5
2019-10-30 08:44:09,636 INFO o.a.j.t.JMeterThread: Thread is done: Thread Group 1-4
2019-10-30 08:44:09,636 INFO o.a.j.t.JMeterThread: Thread finished: Thread Group 1-4
2019-10-30 08:44:09,641 INFO o.a.j.t.JMeterThread: Thread is done: Thread Group 1-2
2019-10-30 08:44:09,641 INFO o.a.j.t.JMeterThread: Thread finished: Thread Group 1-2
2019-10-30 08:44:09,647 INFO o.a.j.t.JMeterThread: Thread is done: Thread Group 1-3
2019-10-30 08:44:09,647 INFO o.a.j.t.JMeterThread: Thread finished: Thread Group 1-3
2019-10-30 08:44:09,647 INFO o.a.j.e.StandardJMeterEngine: Notifying test listeners of end of test
2019-10-30 08:44:09,647 INFO o.a.j.g.u.JMeterMenuBar: setRunning(false, *local*)
2019-10-30 08:44:20,717 INFO o.a.j.e.StandardJMeterEngine: Running the test!
2019-10-30 08:44:20,718 INFO o.a.j.s.SampleEvent: List of sample_variables: []
2019-10-30 08:44:20,718 INFO o.a.j.g.u.JMeterMenuBar: setRunning(true, *local*)
2019-10-30 08:44:20,855 INFO o.a.j.e.StandardJMeterEngine: Starting ThreadGroup: 1 : Thread Group
2019-10-30 08:44:20,855 INFO o.a.j.e.StandardJMeterEngine: Starting 10 threads for group Thread Group.
2019-10-30 08:44:20,855 INFO o.a.j.e.StandardJMeterEngine: Thread will continue on error
2019-10-30 08:44:20,855 INFO o.a.j.t.ThreadGroup: Starting thread group... number=1 threads=10 ramp-up=0 delayedStart=false
2019-10-30 08:44:20,856 INFO o.a.j.t.JMeterThread: Thread started: Thread Group 1-1
2019-10-30 08:44:20,856 INFO o.a.j.t.JMeterThread: Thread started: Thread Group 1-2
2019-10-30 08:44:20,856 INFO o.a.j.t.JMeterThread: Thread started: Thread Group 1-3
2019-10-30 08:44:20,857 INFO o.a.j.t.JMeterThread: Thread started: Thread Group 1-4
2019-10-30 08:44:20,857 INFO o.a.j.t.JMeterThread: Thread started: Thread Group 1-5
2019-10-30 08:44:20,858 INFO o.a.j.t.JMeterThread: Thread started: Thread Group 1-6
2019-10-30 08:44:20,858 INFO o.a.j.t.JMeterThread: Thread started: Thread Group 1-7
2019-10-30 08:44:20,859 INFO o.a.j.t.JMeterThread: Thread started: Thread Group 1-8
2019-10-30 08:44:20,859 INFO o.a.j.t.ThreadGroup: Started thread group number 1
2019-10-30 08:44:20,859 INFO o.a.j.e.StandardJMeterEngine: All thread groups have been started
2019-10-30 08:44:20,859 INFO o.a.j.t.JMeterThread: Thread started: Thread Group 1-10
2019-10-30 08:44:20,859 INFO o.a.j.t.JMeterThread: Thread started: Thread Group 1-9
2019-10-30 08:44:32,579 INFO o.a.j.g.a.Start: Stopping test
2019-10-30 08:44:32,595 INFO o.a.j.t.JMeterThread: Stopping: Thread Group 1-7
2019-10-30 08:44:32,596 WARN o.a.j.t.JMeterThread: Interrupting: Thread Group 1-7 sampler: HTTP Request
2019-10-30 08:44:32,597 INFO o.a.j.t.JMeterThread: Stopping: Thread Group 1-6
2019-10-30 08:44:32,597 WARN o.a.j.t.JMeterThread: Interrupting: Thread Group 1-6 sampler: HTTP Request
2019-10-30 08:44:32,600 INFO o.a.j.t.JMeterThread: Thread finished: Thread Group 1-7
2019-10-30 08:44:32,600 INFO o.a.j.t.JMeterThread: Stopping: Thread Group 1-1
2019-10-30 08:44:32,600 WARN o.a.j.t.JMeterThread: Interrupting: Thread Group 1-1 sampler: HTTP Request
2019-10-30 08:44:32,602 INFO o.a.j.t.JMeterThread: Thread finished: Thread Group 1-6
2019-10-30 08:44:32,602 INFO o.a.j.t.JMeterThread: Stopping: Thread Group 1-3
2019-10-30 08:44:32,602 WARN o.a.j.t.JMeterThread: Interrupting: Thread Group 1-3 sampler: HTTP Request
2019-10-30 08:44:32,603 INFO o.a.j.t.JMeterThread: Thread finished: Thread Group 1-1
2019-10-30 08:44:32,604 INFO o.a.j.t.JMeterThread: Stopping: Thread Group 1-4
2019-10-30 08:44:32,604 WARN o.a.j.t.JMeterThread: Interrupting: Thread Group 1-4 sampler: HTTP Request
2019-10-30 08:44:32,605 INFO o.a.j.t.JMeterThread: Stopping: Thread Group 1-8
2019-10-30 08:44:32,605 WARN o.a.j.t.JMeterThread: Interrupting: Thread Group 1-8 sampler: HTTP Request
2019-10-30 08:44:32,606 INFO o.a.j.t.JMeterThread: Stopping: Thread Group 1-2
2019-10-30 08:44:32,606 INFO o.a.j.t.JMeterThread: Thread finished: Thread Group 1-3
2019-10-30 08:44:32,607 WARN o.a.j.t.JMeterThread: Interrupting: Thread Group 1-2 sampler: HTTP Request
2019-10-30 08:44:32,606 INFO o.a.j.t.JMeterThread: Thread finished: Thread Group 1-4
2019-10-30 08:44:32,608 INFO o.a.j.t.JMeterThread: Stopping: Thread Group 1-10
2019-10-30 08:44:32,608 INFO o.a.j.t.JMeterThread: Thread finished: Thread Group 1-8
2019-10-30 08:44:32,608 WARN o.a.j.t.JMeterThread: Interrupting: Thread Group 1-10 sampler: HTTP Request
2019-10-30 08:44:32,609 INFO o.a.j.t.JMeterThread: Thread finished: Thread Group 1-2
2019-10-30 08:44:32,610 INFO o.a.j.t.JMeterThread: Stopping: Thread Group 1-5
2019-10-30 08:44:32,610 WARN o.a.j.t.JMeterThread: Interrupting: Thread Group 1-5 sampler: HTTP Request
2019-10-30 08:44:32,610 INFO o.a.j.t.JMeterThread: Thread finished: Thread Group 1-10
2019-10-30 08:44:32,611 INFO o.a.j.t.JMeterThread: Stopping: Thread Group 1-9
2019-10-30 08:44:32,611 WARN o.a.j.t.JMeterThread: Interrupting: Thread Group 1-9 sampler: HTTP Request
2019-10-30 08:44:32,612 INFO o.a.j.t.JMeterThread: Thread finished: Thread Group 1-5
2019-10-30 08:44:32,612 INFO o.a.j.t.JMeterThread: Thread finished: Thread Group 1-9
2019-10-30 08:44:32,612 INFO o.a.j.e.StandardJMeterEngine: Notifying test listeners of end of test
2019-10-30 08:44:32,612 INFO o.a.j.g.u.JMeterMenuBar: setRunning(false, *local*)
